# JRE version: Java(TM) SE Runtime Environment (8.0_111-b14) (build 1.8.0_111-b14)
# Java VM: Java HotSpot(TM) Server VM (25.111-b14 mixed mode linux-x86 )
Heap:
 PSYoungGen      total 57600K, used 4064K [0x91ac0000, 0x958c0000, 0xa7000000)
  eden space 51712K, 0% used [0x91ac0000,0x91ac0000,0x94d40000)
  from space 5888K, 69% used [0x94d40000,0x95138000,0x95300000)
  to   space 5888K, 0% used [0x95300000,0x95300000,0x958c0000)
 ParOldGen       total 43776K, used 9666K [0x67000000, 0x69ac0000, 0x91ac0000)
  object space 43776K, 22% used [0x67000000,0x67970878,0x69ac0000)
 Metaspace       used 10307K, capacity 10886K, committed 10904K, reserved 11568K
GC Heap History (10 events):
Event: 265.356 GC heap after
Heap after GC invocations=6 (full 0):
 PSYoungGen      total 21504K, used 3760K [0x91ac0000, 0x93600000, 0xa7000000)
  eden space 16128K, 0% used [0x91ac0000,0x91ac0000,0x92a80000)
  from space 5376K, 69% used [0x930c0000,0x9346c100,0x93600000)
  to   space 5888K, 0% used [0x92a80000,0x92a80000,0x93040000)
 ParOldGen       total 43776K, used 7131K [0x67000000, 0x69ac0000, 0x91ac0000)
  object space 43776K, 16% used [0x67000000,0x676f6de8,0x69ac0000)
 Metaspace       used 10307K, capacity 10886K, committed 10904K, reserved 11568K
}
Event: 265.890 GC heap before
{Heap before GC invocations=7 (full 0):
 PSYoungGen      total 21504K, used 19888K [0x91ac0000, 0x93600000, 0xa7000000)
  eden space 16128K, 100% used [0x91ac0000,0x92a80000,0x92a80000)
  from space 5376K, 69% used [0x930c0000,0x9346c100,0x93600000)
  to   space 5888K, 0% used [0x92a80000,0x92a80000,0x93040000)
 ParOldGen       total 43776K, used 7131K [0x67000000, 0x69ac0000, 0x91ac0000)
  object space 43776K, 16% used [0x67000000,0x676f6de8,0x69ac0000)
 Metaspace       used 10307K, capacity 10886K, committed 10904K, reserved 11568K
Event: 265.918 GC heap after
Heap after GC invocations=7 (full 0):
 PSYoungGen      total 22016K, used 2616K [0x91ac0000, 0x945c0000, 0xa7000000)
  eden space 16128K, 0% used [0x91ac0000,0x91ac0000,0x92a80000)
  from space 5888K, 44% used [0x92a80000,0x92d0e0a0,0x93040000)
  to   space 5888K, 0% used [0x94000000,0x94000000,0x945c0000)
 ParOldGen       total 43776K, used 8313K [0x67000000, 0x69ac0000, 0x91ac0000)
  object space 43776K, 18% used [0x67000000,0x6781e788,0x69ac0000)
 Metaspace       used 10307K, capacity 10886K, committed 10904K, reserved 11568K
}
Event: 266.441 GC heap before
{Heap before GC invocations=8 (full 0):
 PSYoungGen      total 22016K, used 18744K [0x91ac0000, 0x945c0000, 0xa7000000)
  eden space 16128K, 100% used [0x91ac0000,0x92a80000,0x92a80000)
  from space 5888K, 44% used [0x92a80000,0x92d0e0a0,0x93040000)
  to   space 5888K, 0% used [0x94000000,0x94000000,0x945c0000)
 ParOldGen       total 43776K, used 8313K [0x67000000, 0x69ac0000, 0x91ac0000)
  object space 43776K, 18% used [0x67000000,0x6781e788,0x69ac0000)
 Metaspace       used 10307K, capacity 10886K, committed 10904K, reserved 11568K
Event: 266.456 GC heap after
Heap after GC invocations=8 (full 0):
 PSYoungGen      total 38144K, used 1392K [0x91ac0000, 0x945c0000, 0xa7000000)
  eden space 32256K, 0% used [0x91ac0000,0x91ac0000,0x93a40000)
  from space 5888K, 23% used [0x94000000,0x9415c030,0x945c0000)
  to   space 5888K, 0% used [0x93a40000,0x93a40000,0x94000000)
 ParOldGen       total 43776K, used 9562K [0x67000000, 0x69ac0000, 0x91ac0000)
  object space 43776K, 21% used [0x67000000,0x67956838,0x69ac0000)
 Metaspace       used 10307K, capacity 10886K, committed 10904K, reserved 11568K
}
Event: 267.526 GC heap before
{Heap before GC invocations=9 (full 0):
 PSYoungGen      total 38144K, used 33648K [0x91ac0000, 0x945c0000, 0xa7000000)
  eden space 32256K, 100% used [0x91ac0000,0x93a40000,0x93a40000)
  from space 5888K, 23% used [0x94000000,0x9415c030,0x945c0000)
  to   space 5888K, 0% used [0x93a40000,0x93a40000,0x94000000)
 ParOldGen       total 43776K, used 9562K [0x67000000, 0x69ac0000, 0x91ac0000)
  object space 43776K, 21% used [0x67000000,0x67956838,0x69ac0000)
 Metaspace       used 10307K, capacity 10886K, committed 10904K, reserved 11568K
Event: 267.552 GC heap after
Heap after GC invocations=9 (full 0):
 PSYoungGen      total 38144K, used 2560K [0x91ac0000, 0x958c0000, 0xa7000000)
  eden space 32256K, 0% used [0x91ac0000,0x91ac0000,0x93a40000)
  from space 5888K, 43% used [0x93a40000,0x93cc0000,0x94000000)
  to   space 5888K, 0% used [0x95300000,0x95300000,0x958c0000)
 ParOldGen       total 43776K, used 9658K [0x67000000, 0x69ac0000, 0x91ac0000)
  object space 43776K, 22% used [0x67000000,0x6796e878,0x69ac0000)
 Metaspace       used 10307K, capacity 10886K, committed 10904K, reserved 11568K
}
Event: 268.610 GC heap before
{Heap before GC invocations=10 (full 0):
 PSYoungGen      total 38144K, used 34816K [0x91ac0000, 0x958c0000, 0xa7000000)
  eden space 32256K, 100% used [0x91ac0000,0x93a40000,0x93a40000)
  from space 5888K, 43% used [0x93a40000,0x93cc0000,0x94000000)
  to   space 5888K, 0% used [0x95300000,0x95300000,0x958c0000)
 ParOldGen       total 43776K, used 9658K [0x67000000, 0x69ac0000, 0x91ac0000)
  object space 43776K, 22% used [0x67000000,0x6796e878,0x69ac0000)
 Metaspace       used 10307K, capacity 10886K, committed 10904K, reserved 11568K
Event: 268.638 GC heap after
Heap after GC invocations=10 (full 0):
 PSYoungGen      total 57600K, used 2560K [0x91ac0000, 0x958c0000, 0xa7000000)
  eden space 51712K, 0% used [0x91ac0000,0x91ac0000,0x94d40000)
  from space 5888K, 43% used [0x95300000,0x95580000,0x958c0000)
  to   space 5888K, 0% used [0x94d40000,0x94d40000,0x95300000)
 ParOldGen       total 43776K, used 9658K [0x67000000, 0x69ac0000, 0x91ac0000)
  object space 43776K, 22% used [0x67000000,0x6796e878,0x69ac0000)
 Metaspace       used 10307K, capacity 10886K, committed 10904K, reserved 11568K
}
Event: 270.376 GC heap before
{Heap before GC invocations=11 (full 0):
 PSYoungGen      total 57600K, used 54272K [0x91ac0000, 0x958c0000, 0xa7000000)
  eden space 51712K, 100% used [0x91ac0000,0x94d40000,0x94d40000)
  from space 5888K, 43% used [0x95300000,0x95580000,0x958c0000)
  to   space 5888K, 0% used [0x94d40000,0x94d40000,0x95300000)
 ParOldGen       total 43776K, used 9658K [0x67000000, 0x69ac0000, 0x91ac0000)
  object space 43776K, 22% used [0x67000000,0x6796e878,0x69ac0000)
 Metaspace       used 10307K, capacity 10886K, committed 10904K, reserved 11568K

