<?xml version="1.0" encoding="UTF-8" ?>
<testsuite tests="1" failures="0" name="Indeed_QA_Engr_Submit.AppTest" time="12.923" errors="1" skipped="0">
  <properties>
[...]
</properties>
  <testcase classname="Scenario Indeed Submit Resume" name="Search QA Engineer position Exists In Canada" time="12.923">
    <error message="Given css selector expression &quot;#&quot; is invalid: InvalidSelectorError: &apos;#&apos; is not a valid selector: &quot;#&quot;
For documentation on this error, please visit: http://seleniumhq.org/exceptions/invalid_selector_exception.html
Build info: version: &apos;3.11.0&apos;, revision: &apos;e59cfb3&apos;, time: &apos;2018-03-11T20:26:55.152Z&apos;
System info: host: &apos;yiwei-Aspire-A315-21&apos;, ip: &apos;127.0.1.1&apos;, os.name: &apos;Linux&apos;, os.arch: &apos;amd64&apos;, os.version: &apos;4.15.0-34-generic&apos;, java.version: &apos;10.0.2&apos;
Driver info: org.openqa.selenium.firefox.FirefoxDriver
Capabilities {acceptInsecureCerts: true, browserName: firefox, browserVersion: 62.0, javascriptEnabled: true, moz:accessibilityChecks: false, moz:geckodriverVersion: 0.22.0, moz:headless: false, moz:processID: 14932, moz:profile: /tmp/rust_mozprofile.2qdnVA..., moz:useNonSpecCompliantPointerOrigin: false, moz:webdriverClick: true, pageLoadStrategy: normal, platform: LINUX, platformName: LINUX, platformVersion: 4.15.0-34-generic, rotatable: false, timeouts: {implicit: 0, pageLoad: 300000, script: 30000}}
Session ID: 2612e3cc-6e67-45ef-ab61-47f4bc4bea2a
*** Element info: {Using=id, value=}" type="org.openqa.selenium.InvalidSelectorException">org.openqa.selenium.InvalidSelectorException: Given css selector expression &quot;#&quot; is invalid: InvalidSelectorError: &apos;#&apos; is not a valid selector: &quot;#&quot;
For documentation on this error, please visit: http://seleniumhq.org/exceptions/invalid_selector_exception.html
Build info: version: &apos;3.11.0&apos;, revision: &apos;e59cfb3&apos;, time: &apos;2018-03-11T20:26:55.152Z&apos;
System info: host: &apos;yiwei-Aspire-A315-21&apos;, ip: &apos;127.0.1.1&apos;, os.name: &apos;Linux&apos;, os.arch: &apos;amd64&apos;, os.version: &apos;4.15.0-34-generic&apos;, java.version: &apos;10.0.2&apos;
Driver info: org.openqa.selenium.firefox.FirefoxDriver
Capabilities {acceptInsecureCerts: true, browserName: firefox, browserVersion: 62.0, javascriptEnabled: true, moz:accessibilityChecks: false, moz:geckodriverVersion: 0.22.0, moz:headless: false, moz:processID: 14932, moz:profile: /tmp/rust_mozprofile.2qdnVA..., moz:useNonSpecCompliantPointerOrigin: false, moz:webdriverClick: true, pageLoadStrategy: normal, platform: LINUX, platformName: LINUX, platformVersion: 4.15.0-34-generic, rotatable: false, timeouts: {implicit: 0, pageLoad: 300000, script: 30000}}
Session ID: 2612e3cc-6e67-45ef-ab61-47f4bc4bea2a
*** Element info: {Using=id, value=}
	at java.base/jdk.internal.reflect.NativeConstructorAccessorImpl.newInstance0(Native Method)
	at java.base/jdk.internal.reflect.NativeConstructorAccessorImpl.newInstance(NativeConstructorAccessorImpl.java:62)
	at java.base/jdk.internal.reflect.DelegatingConstructorAccessorImpl.newInstance(DelegatingConstructorAccessorImpl.java:45)
	at java.base/java.lang.reflect.Constructor.newInstance(Constructor.java:488)
	at org.openqa.selenium.remote.http.W3CHttpResponseCodec.createException(W3CHttpResponseCodec.java:187)
	at org.openqa.selenium.remote.http.W3CHttpResponseCodec.decode(W3CHttpResponseCodec.java:122)
	at org.openqa.selenium.remote.http.W3CHttpResponseCodec.decode(W3CHttpResponseCodec.java:49)
	at org.openqa.selenium.remote.HttpCommandExecutor.execute(HttpCommandExecutor.java:158)
	at org.openqa.selenium.remote.service.DriverCommandExecutor.execute(DriverCommandExecutor.java:83)
	at org.openqa.selenium.remote.RemoteWebDriver.execute(RemoteWebDriver.java:545)
	at org.openqa.selenium.remote.RemoteWebDriver.findElement(RemoteWebDriver.java:319)
	at org.openqa.selenium.remote.RemoteWebDriver.findElementById(RemoteWebDriver.java:365)
	at org.openqa.selenium.By$ById.findElement(By.java:218)
	at org.openqa.selenium.remote.RemoteWebDriver.findElement(RemoteWebDriver.java:311)
	at Indeed_QA_Engr_Submit.stepdefinition.i_input_My_name(stepdefinition.java:80)
	at ✽.I input My name(src/test/java/Indeed_QA_Engr_Submit/outline.feature:31)
</error>
    <system-out>Feature: Scenario Indeed Submit Resume

  Scenario: Search QA Engineer position Exists In Canada &amp;#27;[90m# src/test/java/Indeed_QA_Engr_Submit/outline.feature:24&amp;#27;[0m
    &amp;#27;[32mGiven &amp;#27;[0m&amp;#27;[32mI have open the browser&amp;#27;[0m                        &amp;#27;[90m# stepdefinition.I_have_open_the_browser()&amp;#27;[0m
    &amp;#27;[32mGiven &amp;#27;[0m&amp;#27;[32mI open Indeed.ca&amp;#27;[0m                               &amp;#27;[90m# stepdefinition.i_open_Indeed_ca()&amp;#27;[0m
    &amp;#27;[32mGiven &amp;#27;[0m&amp;#27;[32mI input QA Engineer and Montreal, QC&amp;#27;[0m           &amp;#27;[90m# stepdefinition.i_input_QA_Engineer_and_Montreal_QC()&amp;#27;[0m
    &amp;#27;[32mGiven &amp;#27;[0m&amp;#27;[32mI click Find Jobs button&amp;#27;[0m                       &amp;#27;[90m# stepdefinition.i_click_Find_Jobs_button()&amp;#27;[0m
    &amp;#27;[32mGiven &amp;#27;[0m&amp;#27;[32mI choose one of the Software QA Engineer link&amp;#27;[0m  &amp;#27;[90m# stepdefinition.i_choose_one_of_the_Software_QA_Engineer_link()&amp;#27;[0m
    &amp;#27;[32mGiven &amp;#27;[0m&amp;#27;[32mI click Apply Now button&amp;#27;[0m                       &amp;#27;[90m# stepdefinition.i_click_Apply_Now_button()&amp;#27;[0m
    &amp;#27;[31mGiven &amp;#27;[0m&amp;#27;[31mI input My name&amp;#27;[0m                                &amp;#27;[90m# stepdefinition.i_input_My_name()&amp;#27;[0m
      &amp;#27;[31morg.openqa.selenium.InvalidSelectorException: Given css selector expression &quot;#&quot; is invalid: InvalidSelectorError: &apos;#&apos; is not a valid selector: &quot;#&quot;
For documentation on this error, please visit: http://seleniumhq.org/exceptions/invalid_selector_exception.html
Build info: version: &apos;3.11.0&apos;, revision: &apos;e59cfb3&apos;, time: &apos;2018-03-11T20:26:55.152Z&apos;
System info: host: &apos;yiwei-Aspire-A315-21&apos;, ip: &apos;127.0.1.1&apos;, os.name: &apos;Linux&apos;, os.arch: &apos;amd64&apos;, os.version: &apos;4.15.0-34-generic&apos;, java.version: &apos;10.0.2&apos;
Driver info: org.openqa.selenium.firefox.FirefoxDriver
Capabilities {acceptInsecureCerts: true, browserName: firefox, browserVersion: 62.0, javascriptEnabled: true, moz:accessibilityChecks: false, moz:geckodriverVersion: 0.22.0, moz:headless: false, moz:processID: 14932, moz:profile: /tmp/rust_mozprofile.2qdnVA..., moz:useNonSpecCompliantPointerOrigin: false, moz:webdriverClick: true, pageLoadStrategy: normal, platform: LINUX, platformName: LINUX, platformVersion: 4.15.0-34-generic, rotatable: false, timeouts: {implicit: 0, pageLoad: 300000, script: 30000}}
Session ID: 2612e3cc-6e67-45ef-ab61-47f4bc4bea2a
*** Element info: {Using=id, value=}
	at java.base/jdk.internal.reflect.NativeConstructorAccessorImpl.newInstance0(Native Method)
	at java.base/jdk.internal.reflect.NativeConstructorAccessorImpl.newInstance(NativeConstructorAccessorImpl.java:62)
	at java.base/jdk.internal.reflect.DelegatingConstructorAccessorImpl.newInstance(DelegatingConstructorAccessorImpl.java:45)
	at java.base/java.lang.reflect.Constructor.newInstance(Constructor.java:488)
	at org.openqa.selenium.remote.http.W3CHttpResponseCodec.createException(W3CHttpResponseCodec.java:187)
	at org.openqa.selenium.remote.http.W3CHttpResponseCodec.decode(W3CHttpResponseCodec.java:122)
	at org.openqa.selenium.remote.http.W3CHttpResponseCodec.decode(W3CHttpResponseCodec.java:49)
	at org.openqa.selenium.remote.HttpCommandExecutor.execute(HttpCommandExecutor.java:158)
	at org.openqa.selenium.remote.service.DriverCommandExecutor.execute(DriverCommandExecutor.java:83)
	at org.openqa.selenium.remote.RemoteWebDriver.execute(RemoteWebDriver.java:545)
	at org.openqa.selenium.remote.RemoteWebDriver.findElement(RemoteWebDriver.java:319)
	at org.openqa.selenium.remote.RemoteWebDriver.findElementById(RemoteWebDriver.java:365)
	at org.openqa.selenium.By$ById.findElement(By.java:218)
	at org.openqa.selenium.remote.RemoteWebDriver.findElement(RemoteWebDriver.java:311)
	at Indeed_QA_Engr_Submit.stepdefinition.i_input_My_name(stepdefinition.java:80)
	at ✽.I input My name(src/test/java/Indeed_QA_Engr_Submit/outline.feature:31)
&amp;#27;[0m
    &amp;#27;[36mGiven &amp;#27;[0m&amp;#27;[36mI input My phone&amp;#27;[0m                               &amp;#27;[90m# stepdefinition.i_input_My_phone()&amp;#27;[0m
    &amp;#27;[36mGiven &amp;#27;[0m&amp;#27;[36mI input My Email&amp;#27;[0m                               &amp;#27;[90m# stepdefinition.i_input_My_Email()&amp;#27;[0m
    &amp;#27;[36mWhen &amp;#27;[0m&amp;#27;[36mI Click Browse button&amp;#27;[0m                           &amp;#27;[90m# stepdefinition.i_Click_Browse_button()&amp;#27;[0m
    &amp;#27;[36mAnd &amp;#27;[0m&amp;#27;[36mI input the QA_Engr resume file name&amp;#27;[0m             &amp;#27;[90m# stepdefinition.i_input_the_QA_Engr_resume_file_name()&amp;#27;[0m
    &amp;#27;[36mAnd &amp;#27;[0m&amp;#27;[36mI click open button&amp;#27;[0m                              &amp;#27;[90m# stepdefinition.i_click_open_button()&amp;#27;[0m
    &amp;#27;[36mThen &amp;#27;[0m&amp;#27;[36mThe Continue button shows up&amp;#27;[0m                    &amp;#27;[90m# stepdefinition.the_Continue_button_shows_up()&amp;#27;[0m
    &amp;#27;[36mThen &amp;#27;[0m&amp;#27;[36mI click the Apply button&amp;#27;[0m                        &amp;#27;[90m# stepdefinition.i_click_the_Apply_button()&amp;#27;[0m
    &amp;#27;[36mThen &amp;#27;[0m&amp;#27;[36mI close the browser&amp;#27;[0m                             &amp;#27;[90m# stepdefinition.I_close_the_browser()&amp;#27;[0m
</system-out>
    <system-err>1537387434276	mozrunner::runner	INFO	Running command: &quot;/usr/lib/firefox/firefox&quot; &quot;-marionette&quot; &quot;-foreground&quot; &quot;-no-remote&quot; &quot;-profile&quot; &quot;/tmp/rust_mozprofile.2qdnVAtMDqsI&quot;
1537387439600	Marionette	INFO	Listening on port 40503
1537387439780	Marionette	WARN	TLS certificate errors will be ignored for this session
1537387439945	Marionette	DEBUG	[2147483649] Frame script loaded
1537387439953	Marionette	DEBUG	[2147483649] Frame script registered
Sep 19, 2018 4:04:00 PM org.openqa.selenium.remote.ProtocolHandshake createSession
INFO: Detected dialect: W3C
1537387440650	Marionette	DEBUG	[2147483649] Received DOM event beforeunload for about:blank
1537387442038	Marionette	DEBUG	[2147483649] Received DOM event pagehide for about:blank
1537387443935	Marionette	DEBUG	[2147483649] Received DOM event DOMContentLoaded for https://www.indeed.ca/
1537387444433	Marionette	DEBUG	[2147483649] Received DOM event pageshow for https://www.indeed.ca/
1537387444993	Marionette	DEBUG	[2147483649] Canceled page load listener because no navigation has been detected
</system-err>
  </testcase>
</testsuite>