<?xml version="1.0" encoding="UTF-8" ?>
<testsuite tests="2" failures="0" name="Indeed_QA_Engr_Submit.AppTest" time="2.098" errors="2" skipped="0">
  <properties>
[...]
</properties>
  <testcase classname="Scenario Indeed Submit Resume" name="Search QA Engineer position Exists In Canada" time="1.048">
    <error message="com.google.common.util.concurrent.SimpleTimeLimiter.create(Ljava/util/concurrent/ExecutorService;)Lcom/google/common/util/concurrent/SimpleTimeLimiter;" type="java.lang.NoSuchMethodError">java.lang.NoSuchMethodError: com.google.common.util.concurrent.SimpleTimeLimiter.create(Ljava/util/concurrent/ExecutorService;)Lcom/google/common/util/concurrent/SimpleTimeLimiter;
	at org.openqa.selenium.net.UrlChecker.&lt;init&gt;(UrlChecker.java:62)
	at org.openqa.selenium.remote.service.DriverService.waitUntilAvailable(DriverService.java:187)
	at org.openqa.selenium.remote.service.DriverService.start(DriverService.java:178)
	at org.openqa.selenium.remote.service.DriverCommandExecutor.execute(DriverCommandExecutor.java:79)
	at org.openqa.selenium.remote.RemoteWebDriver.execute(RemoteWebDriver.java:545)
	at org.openqa.selenium.remote.RemoteWebDriver.startSession(RemoteWebDriver.java:209)
	at org.openqa.selenium.remote.RemoteWebDriver.&lt;init&gt;(RemoteWebDriver.java:132)
	at org.openqa.selenium.chrome.ChromeDriver.&lt;init&gt;(ChromeDriver.java:181)
	at org.openqa.selenium.chrome.ChromeDriver.&lt;init&gt;(ChromeDriver.java:168)
	at org.openqa.selenium.chrome.ChromeDriver.&lt;init&gt;(ChromeDriver.java:123)
	at Indeed_QA_Engr_Submit.stepdefinition.I_have_open_the_browser(stepdefinition.java:27)
	at ✽.I have open the browser(src/test/java/Indeed_QA_Engr_Submit/outline.feature:25)
</error>
    <system-out>Feature: Scenario Indeed Submit Resume

  Scenario: Search QA Engineer position Exists In Canada &amp;#27;[90m# src/test/java/Indeed_QA_Engr_Submit/outline.feature:24&amp;#27;[0m
    &amp;#27;[31mGiven &amp;#27;[0m&amp;#27;[31mI have open the browser&amp;#27;[0m                        &amp;#27;[90m# stepdefinition.I_have_open_the_browser()&amp;#27;[0m
      &amp;#27;[31mjava.lang.NoSuchMethodError: com.google.common.util.concurrent.SimpleTimeLimiter.create(Ljava/util/concurrent/ExecutorService;)Lcom/google/common/util/concurrent/SimpleTimeLimiter;
	at org.openqa.selenium.net.UrlChecker.&lt;init&gt;(UrlChecker.java:62)
	at org.openqa.selenium.remote.service.DriverService.waitUntilAvailable(DriverService.java:187)
	at org.openqa.selenium.remote.service.DriverService.start(DriverService.java:178)
	at org.openqa.selenium.remote.service.DriverCommandExecutor.execute(DriverCommandExecutor.java:79)
	at org.openqa.selenium.remote.RemoteWebDriver.execute(RemoteWebDriver.java:545)
	at org.openqa.selenium.remote.RemoteWebDriver.startSession(RemoteWebDriver.java:209)
	at org.openqa.selenium.remote.RemoteWebDriver.&lt;init&gt;(RemoteWebDriver.java:132)
	at org.openqa.selenium.chrome.ChromeDriver.&lt;init&gt;(ChromeDriver.java:181)
	at org.openqa.selenium.chrome.ChromeDriver.&lt;init&gt;(ChromeDriver.java:168)
	at org.openqa.selenium.chrome.ChromeDriver.&lt;init&gt;(ChromeDriver.java:123)
	at Indeed_QA_Engr_Submit.stepdefinition.I_have_open_the_browser(stepdefinition.java:27)
	at ✽.I have open the browser(src/test/java/Indeed_QA_Engr_Submit/outline.feature:25)
&amp;#27;[0m
    &amp;#27;[36mGiven &amp;#27;[0m&amp;#27;[36mI open Indeed.ca&amp;#27;[0m                               &amp;#27;[90m# stepdefinition.i_open_Indeed_ca()&amp;#27;[0m
    &amp;#27;[36mGiven &amp;#27;[0m&amp;#27;[36mI input QA Engineer and Montreal, QC&amp;#27;[0m           &amp;#27;[90m# stepdefinition.i_input_QA_Engineer_and_Montreal_QC()&amp;#27;[0m
    &amp;#27;[36mGiven &amp;#27;[0m&amp;#27;[36mI click Find Jobs button&amp;#27;[0m                       &amp;#27;[90m# stepdefinition.i_click_Find_Jobs_button()&amp;#27;[0m
    &amp;#27;[36mGiven &amp;#27;[0m&amp;#27;[36mI choose one of the Software QA Engineer link&amp;#27;[0m  &amp;#27;[90m# stepdefinition.i_choose_one_of_the_Software_QA_Engineer_link()&amp;#27;[0m
    &amp;#27;[36mGiven &amp;#27;[0m&amp;#27;[36mI click Apply Now button&amp;#27;[0m                       &amp;#27;[90m# stepdefinition.i_click_Apply_Now_button()&amp;#27;[0m
    &amp;#27;[36mGiven &amp;#27;[0m&amp;#27;[36mI input My name&amp;#27;[0m                                &amp;#27;[90m# stepdefinition.i_input_My_name()&amp;#27;[0m
    &amp;#27;[36mGiven &amp;#27;[0m&amp;#27;[36mI input My phone&amp;#27;[0m                               &amp;#27;[90m# stepdefinition.i_input_My_phone()&amp;#27;[0m
    &amp;#27;[36mGiven &amp;#27;[0m&amp;#27;[36mI input My Email&amp;#27;[0m                               &amp;#27;[90m# stepdefinition.i_input_My_Email()&amp;#27;[0m
    &amp;#27;[36mWhen &amp;#27;[0m&amp;#27;[36mI input the QA_Engr resume file name&amp;#27;[0m            &amp;#27;[90m# stepdefinition.i_input_the_QA_Engr_resume_file_name()&amp;#27;[0m
    &amp;#27;[36mAnd &amp;#27;[0m&amp;#27;[36mI click continue button&amp;#27;[0m                          &amp;#27;[90m# stepdefinition.i_click_continue_button()&amp;#27;[0m
    &amp;#27;[33mThen &amp;#27;[0m&amp;#27;[33mThe Continue button shows up&amp;#27;[0m                    &amp;#27;[90m# null&amp;#27;[0m
    &amp;#27;[36mThen &amp;#27;[0m&amp;#27;[36mI click the Apply button&amp;#27;[0m                        &amp;#27;[90m# stepdefinition.i_click_the_Apply_button()&amp;#27;[0m
    &amp;#27;[36mThen &amp;#27;[0m&amp;#27;[36mI close the browser&amp;#27;[0m                             &amp;#27;[90m# stepdefinition.I_close_the_browser()&amp;#27;[0m
</system-out>
  </testcase>
  <testcase classname="Scenario Indeed Submit Resume" name="Search QA Engineer position Exists In Canada" time="1.05">
    <error message="The step &quot;The Continue button shows up&quot; is undefined" type="cucumber.runtime.junit.UndefinedThrowable">cucumber.runtime.junit.UndefinedThrowable: The step &quot;The Continue button shows up&quot; is undefined
</error>
  </testcase>
</testsuite>